<?xml version="1.0" encoding="utf-8"?><testsuites name="pytest tests"><testsuite name="pytest" errors="0" failures="0" skipped="0" tests="19" time="3.270" timestamp="2026-02-24T06:11:01.003683+00:00" hostname="agent-env-5d1863cc-2195-459b-86ee-c5b74cc1ba38"><testcase classname="backend.tests.test_renergizr.TestAuth" name="test_client_login" time="0.384" /><testcase classname="backend.tests.test_renergizr.TestAuth" name="test_vendor_login" time="0.335" /><testcase classname="backend.tests.test_renergizr.TestAuth" name="test_admin_login" time="0.419" /><testcase classname="backend.tests.test_renergizr.TestAuth" name="test_invalid_login" time="0.113" /><testcase classname="backend.tests.test_renergizr.TestAuth" name="test_me_endpoint" time="0.400" /><testcase classname="backend.tests.test_renergizr.TestMarketInsights" name="test_market_insights_requires_auth" time="0.130" /><testcase classname="backend.tests.test_renergizr.TestMarketInsights" name="test_market_insights_with_auth" time="0.060" /><testcase classname="backend.tests.test_renergizr.TestMarketInsights" name="test_market_insights_structure" time="0.061" /><testcase classname="backend.tests.test_renergizr.TestRFQs" name="test_create_rfq" time="0.056" /><testcase classname="backend.tests.test_renergizr.TestRFQs" name="test_get_rfqs_as_client" time="0.056" /><testcase classname="backend.tests.test_renergizr.TestRFQs" name="test_get_rfqs_as_vendor" time="0.406" /><testcase classname="backend.tests.test_renergizr.TestVendor" name="test_vendor_profile_get" time="0.054" /><testcase classname="backend.tests.test_renergizr.TestVendor" name="test_vendor_bids" time="0.051" /><testcase classname="backend.tests.test_renergizr.TestVendor" name="test_vendor_profile_update" time="0.071" /><testcase classname="backend.tests.test_renergizr.TestAdmin" name="test_admin_get_users" time="0.382" /><testcase classname="backend.tests.test_renergizr.TestAdmin" name="test_admin_get_vendors" time="0.054" /><testcase classname="backend.tests.test_renergizr.TestAdmin" name="test_admin_analytics" time="0.052" /><testcase classname="backend.tests.test_renergizr.TestAdmin" name="test_admin_rfqs" time="0.052" /><testcase classname="backend.tests.test_renergizr.TestNotifications" name="test_notifications_endpoint" time="0.056" /></testsuite></testsuites>